app/proguard-rules.pro
# Keep NFC related classes
-keep class android.nfc.** { *; }
-keep class com.helirfid.app.** { *; }