app/build/outputs/mapping/release/seeds.txt
com.helirfid.MemoryDumpActivity
com.helirfid.MagicCardActivity
com.helirfid.ToolsActivity
com.helirfid.ApduConsoleActivity
com.helirfid.SectorSelectActivity
com.helirfid.MainActivity
com.helirfid.ValueBlockActivity
com.helirfid.SplashActivity
com.helirfid.DataConverterActivity
com.helirfid.DiffToolActivity
com.helirfid.KeyRecoveryActivity
com.helirfid.Acr122uActivity
com.helirfid.NfcVActivity
com.helirfid.HelpActivity
com.helirfid.LogViewerActivity
com.helirfid.KeyManagementActivity
com.helirfid.ShareActivity
com.helirfid.TraceViewerActivity
com.helirfid.ScanLogActivity
com.helirfid.FelicaActivity
com.helirfid.DesfireActivity
com.helirfid.CloneActivity
com.helirfid.WriteActivity
com.helirfid.TagInfoActivity
com.helirfid.UidGeneratorActivity
com.helirfid.DumpEditorActivity
com.helirfid.HceActivity
com.helirfid.AdvancedKeyManagerActivity
com.helirfid.VerifyActivity
com.helirfid.HceActivity: HceActivity()
com.helirfid.DumpEditorActivity: DumpEditorActivity()
com.helirfid.ShareActivity: ShareActivity()
com.helirfid.ApduConsoleActivity: ApduConsoleActivity()
com.helirfid.CloneActivity: CloneActivity()
com.helirfid.MainActivity: MainActivity()
com.helirfid.WriteActivity: WriteActivity()
com.helirfid.AdvancedKeyManagerActivity: AdvancedKeyManagerActivity()
com.helirfid.SectorSelectActivity: SectorSelectActivity()
com.helirfid.LogViewerActivity: LogViewerActivity()
com.helirfid.KeyManagementActivity: KeyManagementActivity()
com.helirfid.FelicaActivity: FelicaActivity()
com.helirfid.UidGeneratorActivity: UidGeneratorActivity()
com.helirfid.TraceViewerActivity: TraceViewerActivity()
com.helirfid.TagInfoActivity: TagInfoActivity()
com.helirfid.ValueBlockActivity: ValueBlockActivity()
com.helirfid.ScanLogActivity: ScanLogActivity()
com.helirfid.DataConverterActivity: DataConverterActivity()
com.helirfid.DesfireActivity: DesfireActivity()
com.helirfid.MemoryDumpActivity: MemoryDumpActivity()
com.helirfid.HelpActivity: HelpActivity()
com.helirfid.Acr122uActivity: Acr122uActivity()
com.helirfid.VerifyActivity: VerifyActivity()
com.helirfid.KeyRecoveryActivity: KeyRecoveryActivity()
com.helirfid.NfcVActivity: NfcVActivity()
com.helirfid.MagicCardActivity: MagicCardActivity()
com.helirfid.SplashActivity: SplashActivity()
com.helirfid.DiffToolActivity: DiffToolActivity()
com.helirfid.ToolsActivity: ToolsActivity()
...
androidx.versionedparcelable.CustomVersionedParcelable
androidx.core.app.RemoteActionCompat
com.google.android.material.behavior.SwipeDismissBehavior
androidx.appcompat.widget.AlertDialogLayout
androidx.lifecycle.ProcessLifecycleInitializer
kotlin.internal.jdk8.JDK8PlatformImplementations
androidx.appcompat.widget.FitWindowsFrameLayout
com.google.android.material.floatingactionbutton.FloatingActionButton$BaseBehavior
androidx.core.graphics.drawable.IconCompatParcelizer
com.google.android.material.transformation.FabTransformationSheetBehavior
androidx.viewpager2.adapter.FragmentStateAdapter$FragmentMaxLifecycleEnforcer$3
com.google.android.material.appbar.MaterialToolbar
androidx.coordinatorlayout.widget.CoordinatorLayout
com.google.android.material.theme.MaterialComponentsViewInflater
com.google.android.material.transformation.FabTransformationBehavior
androidx.lifecycle.SingleGeneratedAdapterObserver
androidx.activity.ImmLeaksCleaner
androidx.fragment.app.DialogFragment
com.google.android.material.floatingactionbutton.ExtendedFloatingActionButton$ExtendedFloatingActionButtonBehavior
androidx.versionedparcelable.ParcelImpl
com.google.android.material.timepicker.TimeModel: android.os.Parcelable$Creator CREATOR
com.google.android.material.checkbox.MaterialCheckBox$SavedState: android.os.Parcelable$Creator CREATOR
androidx.concurrent.futures.AbstractResolvableFuture: androidx.concurrent.futures.AbstractResolvableFuture$Waiter waiters
androidx.appcompat.widget.Toolbar$SavedState: android.os.Parcelable$Creator CREATOR
com.google.android.material.datepicker.Month: android.os.Parcelable$Creator CREATOR
androidx.transition.ChangeBounds$7: androidx.transition.ChangeBounds$ViewBounds mViewBounds
androidx.coordinatorlayout.widget.CoordinatorLayout$SavedState: android.os.Parcelable$Creator CREATOR
androidx.recyclerview.widget.StaggeredGridLayoutManager$LazySpanLookup$FullSpanItem: android.os.Parcelable$Creator CREATOR
com.google.android.material.appbar.AppBarLayout$BaseBehavior$SavedState: android.os.Parcelable$Creator CREATOR
com.google.android.material.datepicker.CalendarConstraints: android.os.Parcelable$Creator CREATOR
androidx.lifecycle.Lifecycle$Event: androidx.lifecycle.Lifecycle$Event ON_STOP
com.google.android.material.button.MaterialButton$SavedState: android.os.Parcelable$Creator CREATOR
androidx.versionedparcelable.ParcelImpl: android.os.Parcelable$Creator CREATOR
androidx.core.widget.NestedScrollView$SavedState: android.os.Parcelable$Creator CREATOR
com.google.android.material.datepicker.DateValidatorPointForward: android.os.Parcelable$Creator CREATOR
androidx.lifecycle.Lifecycle$Event: androidx.lifecycle.Lifecycle$Event ON_RESUME
androidx.lifecycle.Lifecycle$Event: androidx.lifecycle.Lifecycle$Event ON_DESTROY
androidx.appcompat.widget.SearchView$SavedState: android.os.Parcelable$Creator CREATOR
androidx.recyclerview.widget.LinearLayoutManager$SavedState: android.os.Parcelable$Creator CREATOR
androidx.fragment.app.FragmentManagerState: android.os.Parcelable$Creator CREATOR
com.google.android.material.internal.CheckableImageButton$SavedState: android.os.Parcelable$Creator CREATOR
androidx.lifecycle.ReportFragment$LifecycleCallbacks: androidx.lifecycle.ReportFragment$LifecycleCallbacks$Companion Companion
androidx.concurrent.futures.AbstractResolvableFuture: androidx.concurrent.futures.AbstractResolvableFuture$Listener listeners
androidx.concurrent.futures.AbstractResolvableFuture$Waiter: androidx.concurrent.futures.AbstractResolvableFuture$Waiter next
androidx.lifecycle.ProcessLifecycleOwner$attach$1: androidx.lifecycle.ProcessLifecycleOwner this$0
androidx.lifecycle.ProcessLifecycleOwner$attach$1$onActivityPreCreated$1: androidx.lifecycle.ProcessLifecycleOwner this$0
androidx.concurrent.futures.AbstractResolvableFuture$Waiter: java.lang.Thread thread
androidx.lifecycle.Lifecycle$Event: androidx.lifecycle.Lifecycle$Event ON_ANY
androidx.lifecycle.Lifecycle$Event: androidx.lifecycle.Lifecycle$Event$Companion Companion