app/build/outputs/mapping/release/mapping.txt
# compiler: R8
# compiler_version: 8.1.56
# min_api: 23
# common_typos_disable
# {"id":"com.android.tools.r8.mapping","version":"2.2"}
# pg_map_id: b6123ad
# pg_map_hash: SHA-256 b6123ad4a5d6402ef77424648a2475f95612d7e67c9a31a29faf0285f7705e7f
com.helirfid.Acr122uActivity -> com.helirfid.Acr122uActivity:
    android.widget.EditText editAcrKeyA -> A
    android.widget.EditText editAcrSector -> B
    android.widget.Button btnConnect -> C
    android.widget.Button btnGetUid -> D
    android.widget.Button btnReadSector -> E
    android.widget.Button btnFullDump -> F
    android.widget.Button btnDisconnect -> G
    android.content.BroadcastReceiver usbReceiver -> H
    int $r8$clinit -> I
    android.hardware.usb.UsbManager usbManager -> v
    com.helirfid.Acr122uManager reader -> w
    android.app.PendingIntent permissionIntent -> x
    android.widget.TextView txtAcrInfo -> y
    android.widget.TextView txtAcrResult -> z
    1:1:void appendResult(java.lang.String):0:0 -> q
    84:143:java.lang.String getFirmwareString():0:0 -> r
    84:143:void connectReader():0 -> r
    144:178:void connectReader():0:0 -> r
    1:1:byte[] hexToBytes(java.lang.String):0:0 -> s
    1:1:void setButtonsEnabled(boolean):0:0 -> t
com.helirfid.Acr122uActivity$$ExternalSyntheticLambda0 -> c2.a:
# {"id":"sourceFile","fileName":"R8$$SyntheticClass"}
# {"id":"com.android.tools.r8.synthesized"}
    int com.helirfid.Acr122uActivity$$InternalSyntheticLambda$1$12598d7623b82ca9424561af00865aa73308d8fd7424cb9fd23887723b730db9$0.$r8$classId -> a
    com.helirfid.Acr122uActivity com.helirfid.Acr122uActivity$$InternalSyntheticLambda$1$12598d7623b82ca9424561af00865aa73308d8fd7424cb9fd23887723b730db9$0.f$0 -> b
    1:8:void com.helirfid.Acr122uActivity$$InternalSyntheticLambda$1$12598d7623b82ca9424561af00865aa73308d8fd7424cb9fd23887723b730db9$0.<init>(com.helirfid.Acr122uActivity):0:0 -> <init>
    1:8:void com.helirfid.Acr122uActivity$$InternalSyntheticLambda$1$12598d7623b82ca9424561af00865aa73308d8fd7424cb9fd23887723b730db9$0.$r8$init$synthetic(com.helirfid.Acr122uActivity,int):0 -> <init>
      # {"id":"com.android.tools.r8.synthesized"}
    16:94:void com.helirfid.Acr122uActivity.readSector():0:0 -> onClick
    16:94:void com.helirfid.Acr122uActivity.lambda$onCreate$3(android.view.View):0 -> onClick
    16:94:void com.helirfid.Acr122uActivity$$InternalSyntheticLambda$1$12598d7623b82ca9424561af00865aa73308d8fd7424cb9fd23887723b730db9$0.onClick$bridge(android.view.View):0 -> onClick
      # {"id":"com.android.tools.r8.synthesized"}
com.helirfid.Acr122uActivity$$ExternalSyntheticLambda1 -> c2.b:
# {"id":"sourceFile","fileName":"R8$$SyntheticClass"}
# {"id":"com.android.tools.r8.synthesized"}
    int com.helirfid.Acr122uActivity$$InternalSyntheticLambda$2$dd557963c82c617690458c599b0d817f328d7eedbf95062bebce713bab0b4c5e$0.$r8$classId -> a
    com.helirfid.Acr122uActivity com.helirfid.Acr122uActivity$$InternalSyntheticLambda$2$dd557963c82c617690458c599b0d817f328d7eedbf95062bebce713bab0b4c5e$0.f$0 -> b
    1:8:void com.helirfid.Acr122uActivity$$InternalSyntheticLambda$2$dd557963c82c617690458c599b0d817f328d7eedbf95062bebce713bab0b4c5e$0.<init>(com.helirfid.Acr122uActivity):0:0 -> <init>
    1:8:void com.helirfid.Acr122uActivity$$InternalSyntheticLambda$2$dd557963c82c617690458c599b0d817f328d7eedbf95062bebce713bab0b4c5e$0.$r8$init$synthetic(com.helirfid.Acr122uActivity,int):0 -> <init>
      # {"id":"com.android.tools.r8.synthesized"}
    18:21:void com.helirfid.Acr122uActivity.lambda$fullDump$13():0:0 -> run
    18:21:void com.helirfid.Acr122uActivity$$InternalSyntheticLambda$2$dd557963c82c617690458c599b0d817f328d7eedbf95062bebce713bab0b4c5e$0.run$bridge():0 -> run
      # {"id":"com.android.tools.r8.synthesized"}
    22:25:void com.helirfid.Acr122uActivity$$InternalSyntheticLambda$2$dd557963c82c617690458c599b0d817f328d7eedbf95062bebce713bab0b4c5e$0.run$bridge():0:0 -> run
    26:29:void com.helirfid.Acr122uActivity.lambda$fullDump$12():0:0 -> run
...
androidx.customview.poolingcontainer.PoolingContainerListenerHolder -> m0.a:
    java.util.ArrayList listeners -> a
    1:1:void <init>():0:0 -> <init>
androidx.customview.view.AbsSavedState -> n0.b:
    android.os.Parcelable mSuperState -> a
    androidx.customview.view.AbsSavedState EMPTY_STATE -> b
    1:1:void <clinit>():0:0 -> <clinit>
    1:1:void androidx.customview.view.AbsSavedState.<init>():0:0 -> <init>
    1:1:void <init>(androidx.customview.view.AbsSavedState$1):0 -> <init>
      # {"id":"com.android.tools.r8.residualsignature","signature":"()V"}
    2:2:void <init>(android.os.Parcel,java.lang.ClassLoader):0:0 -> <init>
    3:3:void <init>(android.os.Parcelable):0:0 -> <init>
    1:1:int describeContents():0:0 -> describeContents
    1:1:void writeToParcel(android.os.Parcel,int):0:0 -> writeToParcel
androidx.customview.view.AbsSavedState$1 -> n0.a:
androidx.customview.widget.ExploreByTouchHelper$MyNodeProvider -> o0.a:
    androidx.customview.widget.ExploreByTouchHelper this$0 -> c
    1:1:void <init>(androidx.customview.widget.ExploreByTouchHelper):0:0 -> <init>
      # {"id":"com.android.tools.r8.residualsignature","signature":"(Ln1/d;)V"}
    7:12:androidx.core.view.accessibility.AccessibilityNodeInfoCompat androidx.core.view.accessibility.AccessibilityNodeInfoCompat.obtain(androidx.core.view.accessibility.AccessibilityNodeInfoCompat):0:0 -> q
    7:12:androidx.core.view.accessibility.AccessibilityNodeInfoCompat createAccessibilityNodeInfo(int):0 -> q
      # {"id":"com.android.tools.r8.residualsignature","signature":"(I)Lh0/j;"}
    13:18:androidx.core.view.accessibility.AccessibilityNodeInfoCompat androidx.core.view.accessibility.AccessibilityNodeInfoCompat.wrap(android.view.accessibility.AccessibilityNodeInfo):0:0 -> q
    13:18:androidx.core.view.accessibility.AccessibilityNodeInfoCompat androidx.core.view.accessibility.AccessibilityNodeInfoCompat.obtain(androidx.core.view.accessibility.AccessibilityNodeInfoCompat):0 -> q
    13:18:androidx.core.view.accessibility.AccessibilityNodeInfoCompat createAccessibilityNodeInfo(int):0 -> q
    1:1:androidx.core.view.accessibility.AccessibilityNodeInfoCompat findFocus(int):0:0 -> x
      # {"id":"com.android.tools.r8.residualsignature","signature":"(I)Lh0/j;"}
androidx.customview.widget.FocusStrategy$SequentialComparator -> o0.b:
    android.graphics.Rect mTemp1 -> a
    android.graphics.Rect mTemp2 -> b
    boolean mIsLayoutRtl -> c
    androidx.customview.widget.FocusStrategy$BoundsAdapter mAdapter -> d
    1:1:void <init>(boolean,androidx.customview.widget.FocusStrategy$BoundsAdapter):0:0 -> <init>
      # {"id":"com.android.tools.r8.residualsignature","signature":"(ZLw1/e;)V"}
    6:7:void androidx.customview.widget.ExploreByTouchHelper$1.obtainBounds(java.lang.Object,android.graphics.Rect):0:0 -> compare
    6:7:int compare(java.lang.Object,java.lang.Object):0 -> compare
    8:12:void androidx.customview.widget.ExploreByTouchHelper$1.obtainBounds(androidx.core.view.accessibility.AccessibilityNodeInfoCompat,android.graphics.Rect):0:0 -> compare
    8:12:void androidx.customview.widget.ExploreByTouchHelper$1.obtainBounds(java.lang.Object,android.graphics.Rect):0 -> compare
    8:12:int compare(java.lang.Object,java.lang.Object):0 -> compare
    13:14:void androidx.customview.widget.ExploreByTouchHelper$1.obtainBounds(java.lang.Object,android.graphics.Rect):0:0 -> compare
    13:14:int compare(java.lang.Object,java.lang.Object):0 -> compare
    15:19:void androidx.customview.widget.ExploreByTouchHelper$1.obtainBounds(androidx.core.view.accessibility.AccessibilityNodeInfoCompat,android.graphics.Rect):0:0 -> compare