app/build/outputs/mapping/release/usage.txt
com.helirfid.Acr122uActivity:
    private static final java.lang.String ACTION_USB_PERMISSION
com.helirfid.Acr122uManager:
    public static final int PRODUCT_ID
    public static final int VENDOR_ID
    public boolean formatTag()
    public boolean isConnected()
    public boolean writeBlock(int,byte[])
com.helirfid.CardAnalyzer:
    public void <init>()
com.helirfid.CloneAnalyzer:
    public void <init>()
    public static java.lang.String getRecommendation(java.lang.String)
    public static boolean isPotentiallyCloned(java.lang.String)
    public static boolean isStandardUID(java.lang.String)
com.helirfid.Converter:
    public void <init>()
com.helirfid.CsvExporter:
    public void <init>()
com.helirfid.DiffToolActivity:
    private static final int REQUEST_FILE_A
    private static final int REQUEST_FILE_B
com.helirfid.DumpEditorActivity:
    private static final int REQUEST_IMPORT_DUMP
com.helirfid.DumpStore:
    public void <init>()
    public static void clear()
com.helirfid.HistoryEntry:
    public long getTimestamp()
com.helirfid.HistoryManager:
    private static final int MAX_SIZE
com.helirfid.KeyManagementActivity:
    private static final int REQUEST_IMPORT_KEYS
com.helirfid.KeyManager:
    private static final java.lang.String KEY_DIR
    public void <init>()
    public static java.util.List findKeysByUid(android.content.Context,java.lang.String)
    public static java.util.List getUidPrefixFiles(android.content.Context,java.lang.String)
    private static synthetic boolean lambda$getUidPrefixFiles$1(java.io.File,java.lang.String)
com.helirfid.KeyTester:
    public void <init>()
    public static java.lang.String getAllKeys()
    public static java.lang.String getKeyByKeyName(java.lang.String)
com.helirfid.LogUtil:
    private static final int MAX_LOG
    public void <init>()
    public static void i(java.lang.String,java.lang.String)
    public static void w(java.lang.String,java.lang.String)
com.helirfid.MainActivity:
    private byte[] hexStringToByteArray(java.lang.String)
com.helirfid.MifareUtils:
    public void <init>()
    public static java.lang.String hexWithAscii(java.lang.String)
com.helirfid.NFCReader:
    public void <init>()
    public static android.nfc.Tag getLastTag()
com.helirfid.NFCWriter:
    public void <init>()
    public static java.lang.String factoryFormat(android.nfc.Tag)
    public static java.lang.String writeNdefMessage(android.nfc.Tag,java.lang.String)
com.helirfid.NfcUltralightUtils:
    public void <init>()
com.helirfid.R$array
com.helirfid.R$color
com.helirfid.R$drawable
com.helirfid.R$id:
    public static int cardAccessConditions
    public static int cardBcc
    public static int cardHexAscii
    public static int cardValueBlock
    public static int cbSector
    public static int hrLogo
    public static int radioInBin
    public static int radioKeyHotel
    public static int radioOutBin
    public static int radioUid4
    private void <init>()
com.helirfid.R$layout:
    public static int activity_main_ultimate
    public static int sector_item
    private void <init>()
com.helirfid.R$mipmap
com.helirfid.R$style
com.helirfid.R$xml
com.helirfid.R
com.helirfid.ScanLogActivity:
    public static void addScanLog(android.content.Context,java.lang.String,java.lang.String)
com.helirfid.SectorSelectActivity$SectorAdapter:
    final synthetic com.helirfid.SectorSelectActivity this$0
    private void <init>(com.helirfid.SectorSelectActivity)
    public int getCount()
    public java.lang.Object getItem(int)
    public long getItemId(int)
    public android.view.View getView(int,android.view.View,android.view.ViewGroup)
    private static synthetic void lambda$getView$0(com.helirfid.SectorSelectActivity$SectorItem,android.widget.CompoundButton,boolean)
com.helirfid.TraceViewerActivity:
    private static final int REQUEST_LOAD_TRACE
com.helirfid.Wiegand:
    public void <init>()
    public static java.lang.String wiegand44(java.lang.String)
...
androidx.core.view.NestedScrollingChildHelper:
    public boolean dispatchNestedScroll(int,int,int,int,int[],int)
    public void onDetachedFromWindow()
    public void onStopNestedScroll(android.view.View)
androidx.core.view.NestedScrollingParent:
    public abstract int getNestedScrollAxes()
androidx.core.view.NestedScrollingParentHelper:
    public void onStopNestedScroll(android.view.View)
androidx.core.view.PointerIconCompat$Api24Impl
androidx.core.view.PointerIconCompat
androidx.core.view.ScaleGestureDetectorCompat$Api19Impl
androidx.core.view.ScaleGestureDetectorCompat
androidx.core.view.ScrollingView
androidx.core.view.VelocityTrackerCompat
androidx.core.view.ViewCompat$Api15Impl:
    private void <init>()
androidx.core.view.ViewCompat$Api16Impl:
    private void <init>()
androidx.core.view.ViewCompat$Api17Impl:
    private void <init>()
androidx.core.view.ViewCompat$Api18Impl:
    private void <init>()
androidx.core.view.ViewCompat$Api19Impl:
    private void <init>()
androidx.core.view.ViewCompat$Api20Impl:
    private void <init>()
androidx.core.view.ViewCompat$Api21Impl:
    private void <init>()
androidx.core.view.ViewCompat$Api23Impl:
    private void <init>()
androidx.core.view.ViewCompat$Api24Impl
androidx.core.view.ViewCompat$Api26Impl:
    private void <init>()
androidx.core.view.ViewCompat$Api28Impl:
    private void <init>()
androidx.core.view.ViewCompat$Api29Impl:
    private void <init>()
androidx.core.view.ViewCompat$Api30Impl:
    private void <init>()
androidx.core.view.ViewCompat$Api31Impl:
    private void <init>()
androidx.core.view.ViewCompat$FocusDirection
androidx.core.view.ViewCompat$FocusRealDirection
androidx.core.view.ViewCompat$FocusRelativeDirection
androidx.core.view.ViewCompat$NestedScrollType
androidx.core.view.ViewCompat$ScrollAxis
androidx.core.view.ViewCompat$ScrollIndicators
androidx.core.view.ViewCompat$UnhandledKeyEventManager:
    static void registerListeningView(android.view.View)
    static void unregisterListeningView(android.view.View)
androidx.core.view.ViewCompat:
    public static final int ACCESSIBILITY_LIVE_REGION_ASSERTIVE
    public static final int ACCESSIBILITY_LIVE_REGION_NONE
    public static final int ACCESSIBILITY_LIVE_REGION_POLITE
    public static final int IMPORTANT_FOR_ACCESSIBILITY_AUTO
    public static final int IMPORTANT_FOR_ACCESSIBILITY_NO
    public static final int IMPORTANT_FOR_ACCESSIBILITY_NO_HIDE_DESCENDANTS
    public static final int IMPORTANT_FOR_ACCESSIBILITY_YES
    public static final int LAYER_TYPE_HARDWARE
    public static final int LAYER_TYPE_NONE
    public static final int LAYER_TYPE_SOFTWARE
    public static final int LAYOUT_DIRECTION_INHERIT
    public static final int LAYOUT_DIRECTION_LOCALE
    public static final int LAYOUT_DIRECTION_LTR
    public static final int LAYOUT_DIRECTION_RTL
    public static final int MEASURED_HEIGHT_STATE_SHIFT
    public static final int MEASURED_SIZE_MASK
    public static final int MEASURED_STATE_MASK
    public static final int MEASURED_STATE_TOO_SMALL
    public static final int OVER_SCROLL_ALWAYS
    public static final int OVER_SCROLL_IF_CONTENT_SCROLLS
    public static final int OVER_SCROLL_NEVER
    public static final int SCROLL_AXIS_HORIZONTAL
    public static final int SCROLL_AXIS_NONE
    public static final int SCROLL_AXIS_VERTICAL
    public static final int SCROLL_INDICATOR_BOTTOM
    public static final int SCROLL_INDICATOR_END
    public static final int SCROLL_INDICATOR_LEFT
androidx.core.view.ViewConfigurationCompat$Api26Impl:
    private void <init>()
androidx.core.view.ViewConfigurationCompat$Api28Impl:
    private void <init>()
androidx.core.view.ViewConfigurationCompat:
    private static final java.lang.String TAG
    private void <init>()
    public static int getScaledPagingTouchSlop(android.view.ViewConfiguration)
    public static boolean hasPermanentMenuKey(android.view.ViewConfiguration)
androidx.core.view.ViewGroupCompat$Api18Impl